[2024-05-18 19:23:19] local.ERROR: file_get_contents(/Users/dado/Documents/car-mechanic-service/resources/views/welcome.blade.php): Failed to open stream: No such file or directory {"exception":"[object] (ErrorException(code: 0): file_get_contents(/Users/dado/Documents/car-mechanic-service/resources/views/welcome.blade.php): Failed to open stream: No such file or directory at /Users/dado/Documents/car-mechanic-service/vendor/laravel/breeze/src/Console/InstallCommand.php:292)
[stacktrace]
#0 /Users/dado/Documents/car-mechanic-service/vendor/laravel/framework/src/Illuminate/Foundation/Bootstrap/HandleExceptions.php(256): Illuminate\\Foundation\\Bootstrap\\HandleExceptions->handleError(2, 'file_get_conten...', '/Users/dado/Doc...', 292)
#1 [internal function]: Illuminate\\Foundation\\Bootstrap\\HandleExceptions->Illuminate\\Foundation\\Bootstrap\\{closure}(2, 'file_get_conten...', '/Users/dado/Doc...', 292)
#2 /Users/dado/Documents/car-mechanic-service/vendor/laravel/breeze/src/Console/InstallCommand.php(292): file_get_contents('/Users/dado/Doc...')
#3 /Users/dado/Documents/car-mechanic-service/vendor/laravel/breeze/src/Console/InstallsBladeStack.php(63): Laravel\\Breeze\\Console\\InstallCommand->replaceInFile('/home', '/dashboard', '/Users/dado/Doc...')
#4 /Users/dado/Documents/car-mechanic-service/vendor/laravel/breeze/src/Console/InstallCommand.php(60): Laravel\\Breeze\\Console\\InstallCommand->installBladeStack()
#5 /Users/dado/Documents/car-mechanic-service/vendor/laravel/framework/src/Illuminate/Container/BoundMethod.php(36): Laravel\\Breeze\\Console\\InstallCommand->handle()
#6 /Users/dado/Documents/car-mechanic-service/vendor/laravel/framework/src/Illuminate/Container/Util.php(41): Illuminate\\Container\\BoundMethod::Illuminate\\Container\\{closure}()
#7 /Users/dado/Documents/car-mechanic-service/vendor/laravel/framework/src/Illuminate/Container/BoundMethod.php(93): Illuminate\\Container\\Util::unwrapIfClosure(Object(Closure))
#8 /Users/dado/Documents/car-mechanic-service/vendor/laravel/framework/src/Illuminate/Container/BoundMethod.php(35): Illuminate\\Container\\BoundMethod::callBoundMethod(Object(Illuminate\\Foundation\\Application), Array, Object(Closure))
#9 /Users/dado/Documents/car-mechanic-service/vendor/laravel/framework/src/Illuminate/Container/Container.php(662): Illuminate\\Container\\BoundMethod::call(Object(Illuminate\\Foundation\\Application), Array, Array, NULL)
#10 /Users/dado/Documents/car-mechanic-service/vendor/laravel/framework/src/Illuminate/Console/Command.php(212): Illuminate\\Container\\Container->call(Array)
#11 /Users/dado/Documents/car-mechanic-service/vendor/symfony/console/Command/Command.php(279): Illuminate\\Console\\Command->execute(Object(Symfony\\Component\\Console\\Input\\ArgvInput), Object(Illuminate\\Console\\OutputStyle))
#12 /Users/dado/Documents/car-mechanic-service/vendor/laravel/framework/src/Illuminate/Console/Command.php(181): Symfony\\Component\\Console\\Command\\Command->run(Object(Symfony\\Component\\Console\\Input\\ArgvInput), Object(Illuminate\\Console\\OutputStyle))
#13 /Users/dado/Documents/car-mechanic-service/vendor/symfony/console/Application.php(1049): Illuminate\\Console\\Command->run(Object(Symfony\\Component\\Console\\Input\\ArgvInput), Object(Symfony\\Component\\Console\\Output\\ConsoleOutput))
#14 /Users/dado/Documents/car-mechanic-service/vendor/symfony/console/Application.php(318): Symfony\\Component\\Console\\Application->doRunCommand(Object(Laravel\\Breeze\\Console\\InstallCommand), Object(Symfony\\Component\\Console\\Input\\ArgvInput), Object(Symfony\\Component\\Console\\Output\\ConsoleOutput))
#15 /Users/dado/Documents/car-mechanic-service/vendor/symfony/console/Application.php(169): Symfony\\Component\\Console\\Application->doRun(Object(Symfony\\Component\\Console\\Input\\ArgvInput), Object(Symfony\\Component\\Console\\Output\\ConsoleOutput))
#16 /Users/dado/Documents/car-mechanic-service/vendor/laravel/framework/src/Illuminate/Foundation/Console/Kernel.php(196): Symfony\\Component\\Console\\Application->run(Object(Symfony\\Component\\Console\\Input\\ArgvInput), Object(Symfony\\Component\\Console\\Output\\ConsoleOutput))
#17 /Users/dado/Documents/car-mechanic-service/vendor/laravel/framework/src/Illuminate/Foundation/Application.php(1187): Illuminate\\Foundation\\Console\\Kernel->handle(Object(Symfony\\Component\\Console\\Input\\ArgvInput), Object(Symfony\\Component\\Console\\Output\\ConsoleOutput))
#18 /Users/dado/Documents/car-mechanic-service/artisan(13): Illuminate\\Foundation\\Application->handleCommand(Object(Symfony\\Component\\Console\\Input\\ArgvInput))
#19 {main}
"} 
